2022-01-09T10:26:58.832451-00:00 0 [System] [MY-013169] [Server] /usr/sbin/mysqld (mysqld 8.0.27) initializing of server in progress as process 43
2022-01-09T10:26:58.841018-00:00 0 [Warning] [MY-010159] [Server] Setting lower_case_table_names=2 because file system for /var/lib/mysql/ is case insensitive
2022-01-09T10:26:58.859499-00:00 1 [System] [MY-013576] [InnoDB] InnoDB initialization has started.
2022-01-09T10:27:01.586027-00:00 1 [System] [MY-013577] [InnoDB] InnoDB initialization has ended.
2022-01-09T10:27:05.781171-00:00 0 [Warning] [MY-013746] [Server] A deprecated TLS version TLSv1 is enabled for channel mysql_main
2022-01-09T10:27:05.781766-00:00 0 [Warning] [MY-013746] [Server] A deprecated TLS version TLSv1.1 is enabled for channel mysql_main
2022-01-09T10:27:05.950895-00:00 6 [Warning] [MY-010453] [Server] root@localhost is created with an empty password ! Please consider switching off the --initialize-insecure option.
2022-01-09T10:27:15.722830-00:00 0 [System] [MY-010116] [Server] /usr/sbin/mysqld (mysqld 8.0.27) starting as process 92
2022-01-09T10:27:15.782542-00:00 0 [Warning] [MY-010159] [Server] Setting lower_case_table_names=2 because file system for /var/lib/mysql/ is case insensitive
2022-01-09T10:27:15.934339-00:00 1 [System] [MY-013576] [InnoDB] InnoDB initialization has started.
2022-01-09T10:27:18.182009-00:00 1 [System] [MY-013577] [InnoDB] InnoDB initialization has ended.
2022-01-09T10:27:19.148840-00:00 0 [Warning] [MY-013746] [Server] A deprecated TLS version TLSv1 is enabled for channel mysql_main
2022-01-09T10:27:19.149829-00:00 0 [Warning] [MY-013746] [Server] A deprecated TLS version TLSv1.1 is enabled for channel mysql_main
2022-01-09T10:27:19.185631-00:00 0 [Warning] [MY-010068] [Server] CA certificate ca.pem is self signed.
2022-01-09T10:27:19.186991-00:00 0 [System] [MY-013602] [Server] Channel mysql_main configured to support TLS. Encrypted connections are now supported for this channel.
2022-01-09T10:27:19.227281-00:00 0 [Warning] [MY-011810] [Server] Insecure configuration for --pid-file: Location '/var/run/mysqld' in the path is accessible to all OS users. Consider choosing a different directory.
2022-01-09T10:27:19.308610-00:00 0 [System] [MY-011323] [Server] X Plugin ready for connections. Socket: /var/run/mysqld/mysqlx.sock
2022-01-09T10:27:19.308864-00:00 0 [System] [MY-010931] [Server] /usr/sbin/mysqld: ready for connections. Version: '8.0.27'  socket: '/var/run/mysqld/mysqld.sock'  port: 0  MySQL Community Server - GPL.
2022-01-09T10:27:25.724917-00:00 13 [System] [MY-013172] [Server] Received SHUTDOWN from user root. Shutting down mysqld (Version: 8.0.27).
2022-01-09T10:27:28.305663-00:00 0 [System] [MY-010910] [Server] /usr/sbin/mysqld: Shutdown complete (mysqld 8.0.27)  MySQL Community Server - GPL.
2022-01-09T10:27:29.053326-00:00 0 [System] [MY-010116] [Server] /usr/sbin/mysqld (mysqld 8.0.27) starting as process 1
2022-01-09T10:27:29.067945-00:00 0 [Warning] [MY-010159] [Server] Setting lower_case_table_names=2 because file system for /var/lib/mysql/ is case insensitive
2022-01-09T10:27:29.118205-00:00 1 [System] [MY-013576] [InnoDB] InnoDB initialization has started.
2022-01-09T10:27:30.112115-00:00 1 [System] [MY-013577] [InnoDB] InnoDB initialization has ended.
2022-01-09T10:27:30.729941-00:00 0 [Warning] [MY-013746] [Server] A deprecated TLS version TLSv1 is enabled for channel mysql_main
2022-01-09T10:27:30.730141-00:00 0 [Warning] [MY-013746] [Server] A deprecated TLS version TLSv1.1 is enabled for channel mysql_main
2022-01-09T10:27:30.737077-00:00 0 [Warning] [MY-010068] [Server] CA certificate ca.pem is self signed.
2022-01-09T10:27:30.737548-00:00 0 [System] [MY-013602] [Server] Channel mysql_main configured to support TLS. Encrypted connections are now supported for this channel.
2022-01-09T10:27:30.792454-00:00 0 [Warning] [MY-011810] [Server] Insecure configuration for --pid-file: Location '/var/run/mysqld' in the path is accessible to all OS users. Consider choosing a different directory.
2022-01-09T10:27:30.889545-00:00 0 [System] [MY-011323] [Server] X Plugin ready for connections. Bind-address: '::' port: 33060, socket: /var/run/mysqld/mysqlx.sock
2022-01-09T10:27:30.890505-00:00 0 [System] [MY-010931] [Server] /usr/sbin/mysqld: ready for connections. Version: '8.0.27'  socket: '/var/run/mysqld/mysqld.sock'  port: 3306  MySQL Community Server - GPL.
2022-01-09T11:01:10.233869-00:00 0 [System] [MY-013172] [Server] Received SHUTDOWN from user <via user signal>. Shutting down mysqld (Version: 8.0.27).
2022-01-09T11:01:12.032865-00:00 0 [System] [MY-010910] [Server] /usr/sbin/mysqld: Shutdown complete (mysqld 8.0.27)  MySQL Community Server - GPL.
2022-01-09T11:01:20.629938-00:00 0 [System] [MY-010116] [Server] /usr/sbin/mysqld (mysqld 8.0.27) starting as process 1
2022-01-09T11:01:20.644932-00:00 0 [Warning] [MY-010159] [Server] Setting lower_case_table_names=2 because file system for /var/lib/mysql/ is case insensitive
2022-01-09T11:01:20.696652-00:00 1 [System] [MY-013576] [InnoDB] InnoDB initialization has started.
2022-01-09T11:01:21.662908-00:00 1 [System] [MY-013577] [InnoDB] InnoDB initialization has ended.
2022-01-09T11:01:22.215925-00:00 0 [Warning] [MY-013746] [Server] A deprecated TLS version TLSv1 is enabled for channel mysql_main
2022-01-09T11:01:22.216120-00:00 0 [Warning] [MY-013746] [Server] A deprecated TLS version TLSv1.1 is enabled for channel mysql_main
2022-01-09T11:01:22.234066-00:00 0 [Warning] [MY-010068] [Server] CA certificate ca.pem is self signed.
2022-01-09T11:01:22.234377-00:00 0 [System] [MY-013602] [Server] Channel mysql_main configured to support TLS. Encrypted connections are now supported for this channel.
2022-01-09T11:01:22.243541-00:00 0 [Warning] [MY-011810] [Server] Insecure configuration for --pid-file: Location '/var/run/mysqld' in the path is accessible to all OS users. Consider choosing a different directory.
